<?xml version="1.0" encoding="UTF-8"?>
<!-- Generated by org.testng.reporters.JUnitReportReporter -->
<testsuite hostname="Lenovo" failures="0" tests="1" name="petStore.PostStore" time="4.884" errors="0" timestamp="2024-01-16T16:30:39 IST" skipped="0">
  <testcase classname="petStore.PostStore" name="postPet" time="4.884"/>
  <system-out/>
</testsuite> <!-- petStore.PostStore -->
