<?xml version="1.0" encoding="UTF-8"?>
<!-- Generated by org.testng.reporters.JUnitReportReporter -->
<testsuite hostname="Lenovo" failures="0" tests="1" name="PostStore" time="4.994" errors="0" timestamp="2024-01-16T16:27:58 IST" skipped="0">
  <testcase classname="PostStore" name="createStore" time="4.994"/>
  <system-out/>
</testsuite> <!-- PostStore -->
